<?xml version="1.0" encoding="UTF-8"?>
<!-- Generated by org.testng.reporters.JUnitXMLReporter -->
<testsuite ignored="3" hostname="LAPTOP-CSPB1PGL" failures="2" tests="2" name="edgetest" time="4.124" errors="0" timestamp="2026-05-27T16:14:56 IST">
  <testcase classname="testCases.TC01_UserRegistration" name="successfulSignUp" time="0.011">
    <failure type="java.lang.NullPointerException" message="Cannot invoke &amp;quot;org.apache.logging.log4j.Logger.info(String)&amp;quot; because &amp;quot;this.logger&amp;quot; is null">
      <![CDATA[java.lang.NullPointerException: Cannot invoke "org.apache.logging.log4j.Logger.info(String)" because "this.logger" is null
at testCases.TC01_UserRegistration.successfulSignUp(TC01_UserRegistration.java:23)
at java.base/java.util.ArrayList.forEach(ArrayList.java:1596)
... Removed 25 stack frames]]>
    </failure>
  </testcase> <!-- successfulSignUp -->
  <testcase classname="testCases.ViewProductDetail" name="viewProductDetails" time="4.049">
    <failure type="java.lang.AssertionError" message="Test failed due to exceptionCannot invoke &amp;quot;org.openqa.selenium.SearchContext.findElement(org.openqa.selenium.By)&amp;quot; because &amp;quot;this.searchContext&amp;quot; is null">
      <![CDATA[java.lang.AssertionError: Test failed due to exceptionCannot invoke "org.openqa.selenium.SearchContext.findElement(org.openqa.selenium.By)" because "this.searchContext" is null
at testCases.ViewProductDetail.viewProductDetails(ViewProductDetail.java:23)
at java.base/java.util.ArrayList.forEach(ArrayList.java:1596)
... Removed 26 stack frames]]>
    </failure>
  </testcase> <!-- viewProductDetails -->
  <testcase classname="testCases.TC01_UserRegistration" name="addAccountInfoAndAccountCreation" time="0.0">
    <ignored/>
  </testcase> <!-- addAccountInfoAndAccountCreation -->
  <testcase classname="testCases.TC01_UserRegistration" name="navigateToDashboard" time="0.0">
    <ignored/>
  </testcase> <!-- navigateToDashboard -->
  <testcase classname="testCases.LoginTests" name="validateLogin" time="0.0">
    <ignored/>
  </testcase> <!-- validateLogin -->
</testsuite> <!-- edgetest -->
