<?xml version="1.0" encoding="UTF-8"?>
<!-- Generated by org.testng.reporters.JUnitXMLReporter -->
<testsuite ignored="0" hostname="LAPTOP-CSPB1PGL" failures="1" tests="1" name="Test" time="11.678" errors="0" timestamp="2026-05-27T19:20:11 IST">
  <testcase classname="testCases.TC01_UserRegistration" name="successfulSignUp" time="4.089">
    <failure type="java.lang.AssertionError" message="expected [enter account information11] but found [enter account information]">
      <![CDATA[java.lang.AssertionError: expected [enter account information11] but found [enter account information]
at testCases.TC01_UserRegistration.successfulSignUp(TC01_UserRegistration.java:41)
at java.base/java.util.ArrayList.forEach(ArrayList.java:1596)
... Removed 31 stack frames]]>
    </failure>
  </testcase> <!-- successfulSignUp -->
</testsuite> <!-- Test -->
