<?xml version="1.0" encoding="UTF-8"?>
<!-- Generated by org.testng.reporters.JUnitXMLReporter -->
<testsuite ignored="2" hostname="LAPTOP-CSPB1PGL" failures="1" tests="3" name="TestNGDemo" time="0.09" errors="0" timestamp="2025-09-27T17:37:16 IST">
  <testcase classname="Jabbrrbox_Web.Jabbrrbox_Web.TestNG_Demo" name="openURL" time="0.021"/>
  <testcase classname="Jabbrrbox_Web.Jabbrrbox_Web.TestNG_Demo" name="loginTest" time="0.001">
    <failure type="junit.framework.AssertionFailedError">
      <![CDATA[junit.framework.AssertionFailedError
at junit.framework.Assert.fail(Assert.java:47)
at junit.framework.Assert.assertTrue(Assert.java:20)
at junit.framework.Assert.assertTrue(Assert.java:27)
at Jabbrrbox_Web.Jabbrrbox_Web.TestNG_Demo.loginTest(TestNG_Demo.java:45)
at java.base/java.util.ArrayList.forEach(ArrayList.java:1596)
... Removed 25 stack frames]]>
    </failure>
  </testcase> <!-- loginTest -->
  <testcase classname="Jabbrrbox_Web.Jabbrrbox_Web.TestNG_Demo" name="dashboardTest" time="0.0">
    <skipped/>
  </testcase> <!-- dashboardTest -->
  <testcase classname="Jabbrrbox_Web.Jabbrrbox_Web.TestNG_Demo" name="logOutTest" time="0.0">
    <ignored/>
  </testcase> <!-- logOutTest -->
  <testcase classname="Jabbrrbox_Web.Jabbrrbox_Web.TestNG_Demo" name="searchTest" time="0.0">
    <ignored/>
  </testcase> <!-- searchTest -->
</testsuite> <!-- TestNGDemo -->
