<?xml version="1.0" encoding="UTF-8"?>
<!-- Generated by org.testng.reporters.JUnitXMLReporter -->
<testsuite ignored="0" hostname="LAPTOP-CSPB1PGL" failures="0" tests="5" name="TestNGDemo1" time="0.049" errors="0" timestamp="2025-09-27T17:35:58 IST">
  <testcase classname="Jabbrrbox_Web.Jabbrrbox_Web.TestNG_Demo2$TestNG_Demo" name="openURL" time="0.004"/>
  <testcase classname="Jabbrrbox_Web.Jabbrrbox_Web.TestNG_Demo2$TestNG_Demo" name="loginTest" time="0.002"/>
  <testcase classname="Jabbrrbox_Web.Jabbrrbox_Web.TestNG_Demo2$TestNG_Demo" name="dashboardTest" time="0.001"/>
  <testcase classname="Jabbrrbox_Web.Jabbrrbox_Web.TestNG_Demo2$TestNG_Demo" name="searchTest" time="0.002"/>
  <testcase classname="Jabbrrbox_Web.Jabbrrbox_Web.TestNG_Demo2$TestNG_Demo" name="logOutTest" time="0.002"/>
</testsuite> <!-- TestNGDemo1 -->
