<?xml version="1.0" encoding="UTF-8"?>
<testng-results ignored="0" total="1" passed="0" failed="1" skipped="0">
  <reporter-output>
  </reporter-output>
  <suite started-at="2026-05-28T17:57:31 IST" name="Suite" finished-at="2026-05-28T17:57:48 IST" duration-ms="16923">
    <groups>
      <group name="regression">
        <method signature="TC01_UserRegistration.successfulSignUp()[pri:1, instance:testCases.TC01_UserRegistration@7c9d8e2]" name="successfulSignUp" class="testCases.TC01_UserRegistration"/>
      </group> <!-- regression -->
      <group name="sanity">
        <method signature="TC01_UserRegistration.successfulSignUp()[pri:1, instance:testCases.TC01_UserRegistration@7c9d8e2]" name="successfulSignUp" class="testCases.TC01_UserRegistration"/>
      </group> <!-- sanity -->
    </groups>
    <test started-at="2026-05-28T17:57:31 IST" name="Test" finished-at="2026-05-28T17:57:48 IST" duration-ms="16923">
      <class name="testCases.TC01_UserRegistration">
        <test-method is-config="true" signature="setUp(java.lang.String)[pri:0, instance:testCases.TC01_UserRegistration@7c9d8e2]" started-at="2026-05-28T17:57:31 IST" name="setUp" finished-at="2026-05-28T17:57:40 IST" duration-ms="8489" status="PASS">
          <params>
            <param index="0">
              <value>
                <![CDATA[chrome]]>
              </value>
            </param>
          </params>
          <reporter-output>
          </reporter-output>
        </test-method> <!-- setUp -->
        <test-method signature="successfulSignUp()[pri:1, instance:testCases.TC01_UserRegistration@7c9d8e2]" started-at="2026-05-28T17:57:40 IST" name="successfulSignUp" description="successfulSignUp()" finished-at="2026-05-28T17:57:47 IST" duration-ms="7725" status="FAIL">
          <exception class="java.lang.AssertionError">
            <message>
              <![CDATA[expected [enter account information11] but found [enter account information]]]>
            </message>
            <full-stacktrace>
              <![CDATA[java.lang.AssertionError: expected [enter account information11] but found [enter account information]
at org.testng.Assert.fail(Assert.java:111)
at org.testng.Assert.failNotEquals(Assert.java:1590)
at org.testng.Assert.assertEqualsImpl(Assert.java:150)
at org.testng.Assert.assertEquals(Assert.java:132)
at org.testng.Assert.assertEquals(Assert.java:656)
at org.testng.Assert.assertEquals(Assert.java:666)
at testCases.TC01_UserRegistration.successfulSignUp(TC01_UserRegistration.java:41)
at java.base/jdk.internal.reflect.DirectMethodHandleAccessor.invoke(DirectMethodHandleAccessor.java:103)
at java.base/java.lang.reflect.Method.invoke(Method.java:580)
at org.testng.internal.invokers.MethodInvocationHelper.invokeMethod(MethodInvocationHelper.java:141)
at org.testng.internal.invokers.TestInvoker.invokeMethod(TestInvoker.java:687)
at org.testng.internal.invokers.TestInvoker.invokeTestMethod(TestInvoker.java:230)
at org.testng.internal.invokers.MethodRunner.runInSequence(MethodRunner.java:63)
at org.testng.internal.invokers.TestInvoker$MethodInvocationAgent.invoke(TestInvoker.java:995)
at org.testng.internal.invokers.TestInvoker.invokeTestMethods(TestInvoker.java:203)
at org.testng.internal.invokers.TestMethodWorker.invokeTestMethods(TestMethodWorker.java:154)
at org.testng.internal.invokers.TestMethodWorker.run(TestMethodWorker.java:134)
at java.base/java.util.ArrayList.forEach(ArrayList.java:1596)
at org.testng.TestRunner.privateRun(TestRunner.java:741)
at org.testng.TestRunner.run(TestRunner.java:616)
at org.testng.SuiteRunner.runTest(SuiteRunner.java:421)
at org.testng.SuiteRunner.runSequentially(SuiteRunner.java:413)
at org.testng.SuiteRunner.privateRun(SuiteRunner.java:373)
at org.testng.SuiteRunner.run(SuiteRunner.java:312)
at org.testng.SuiteRunnerWorker.runSuite(SuiteRunnerWorker.java:52)
at org.testng.SuiteRunnerWorker.run(SuiteRunnerWorker.java:95)
at org.testng.TestNG.runSuitesSequentially(TestNG.java:1274)
at org.testng.TestNG.runSuitesLocally(TestNG.java:1208)
at org.testng.TestNG.runSuites(TestNG.java:1112)
at org.testng.TestNG.run(TestNG.java:1079)
at org.apache.maven.surefire.testng.TestNGExecutor.run(TestNGExecutor.java:308)
at org.apache.maven.surefire.testng.TestNGXmlTestSuite.execute(TestNGXmlTestSuite.java:71)
at org.apache.maven.surefire.testng.TestNGProvider.invoke(TestNGProvider.java:113)
at org.apache.maven.surefire.booter.ForkedBooter.runSuitesInProcess(ForkedBooter.java:385)
at org.apache.maven.surefire.booter.ForkedBooter.execute(ForkedBooter.java:162)
at org.apache.maven.surefire.booter.ForkedBooter.run(ForkedBooter.java:507)
at org.apache.maven.surefire.booter.ForkedBooter.main(ForkedBooter.java:495)
]]>
            </full-stacktrace>
          </exception> <!-- java.lang.AssertionError -->
          <reporter-output>
          </reporter-output>
        </test-method> <!-- successfulSignUp -->
        <test-method is-config="true" signature="closeDriver()[pri:0, instance:testCases.TC01_UserRegistration@7c9d8e2]" started-at="2026-05-28T17:57:48 IST" name="closeDriver" finished-at="2026-05-28T17:57:48 IST" duration-ms="247" status="PASS">
          <reporter-output>
          </reporter-output>
        </test-method> <!-- closeDriver -->
      </class> <!-- testCases.TC01_UserRegistration -->
    </test> <!-- Test -->
  </suite> <!-- Suite -->
</testng-results>
