<?xml version="1.0" encoding="UTF-8"?>
<!-- Generated by org.testng.reporters.JUnitReportReporter -->
<testsuite hostname="LAPTOP-CSPB1PGL" failures="0" tests="5" name="Jabbrrbox_Web.Jabbrrbox_Web.TestNG_Demo2$TestNG_Demo" time="0.014" errors="0" timestamp="2025-09-27T17:35:58 IST" skipped="0">
  <testcase classname="Jabbrrbox_Web.Jabbrrbox_Web.TestNG_Demo2$TestNG_Demo" name="openURL" time="0.005"/>
  <testcase classname="Jabbrrbox_Web.Jabbrrbox_Web.TestNG_Demo2$TestNG_Demo" name="loginTest" time="0.002"/>
  <testcase classname="Jabbrrbox_Web.Jabbrrbox_Web.TestNG_Demo2$TestNG_Demo" name="dashboardTest" time="0.002"/>
  <testcase classname="Jabbrrbox_Web.Jabbrrbox_Web.TestNG_Demo2$TestNG_Demo" name="searchTest" time="0.003"/>
  <testcase classname="Jabbrrbox_Web.Jabbrrbox_Web.TestNG_Demo2$TestNG_Demo" name="logOutTest" time="0.002"/>
</testsuite> <!-- Jabbrrbox_Web.Jabbrrbox_Web.TestNG_Demo2$TestNG_Demo -->
